c:\users\robin\documents\vector_monitor_project\winturaco\winturaco\winturaco\release\vc143.pdb
c:\users\robin\documents\vector_monitor_project\winturaco\winturaco\winturaco\release\gamedesc.obj
c:\users\robin\documents\vector_monitor_project\winturaco\winturaco\winturaco\release\font.obj
c:\users\robin\documents\vector_monitor_project\winturaco\winturaco\winturaco\release\fileio.obj
c:\users\robin\documents\vector_monitor_project\winturaco\winturaco\winturaco\release\editmode.obj
c:\users\robin\documents\vector_monitor_project\winturaco\winturaco\winturaco\release\editmenu.obj
c:\users\robin\documents\vector_monitor_project\winturaco\winturaco\winturaco\release\dlg.obj
c:\users\robin\documents\vector_monitor_project\winturaco\winturaco\winturaco\release\config.obj
c:\users\robin\documents\vector_monitor_project\winturaco\winturaco\winturaco\release\coding.obj
c:\users\robin\documents\vector_monitor_project\winturaco\winturaco\winturaco\release\animate.obj
c:\users\robin\documents\vector_monitor_project\winturaco\winturaco\winturaco\release\allegro.obj
c:\users\robin\documents\vector_monitor_project\winturaco\winturaco\winturaco\release\age_map.obj
c:\users\robin\documents\vector_monitor_project\winturaco\winturaco\winturaco\release\pacman.obj
c:\users\robin\documents\vector_monitor_project\winturaco\winturaco\winturaco\release\util.obj
c:\users\robin\documents\vector_monitor_project\winturaco\winturaco\winturaco\release\sprtplte.obj
c:\users\robin\documents\vector_monitor_project\winturaco\winturaco\winturaco\release\guipal.obj
c:\users\robin\documents\vector_monitor_project\winturaco\winturaco\winturaco\release\drivsel.obj
c:\users\robin\documents\vector_monitor_project\winturaco\winturaco\winturaco\release\button.obj
c:\users\robin\documents\vector_monitor_project\winturaco\winturaco\winturaco\release\bmpdisp.obj
c:\users\robin\documents\vector_monitor_project\winturaco\winturaco\winturaco\release\bitmaped.obj
c:\users\robin\documents\vector_monitor_project\winturaco\winturaco\winturaco\release\animview.obj
c:\users\robin\documents\vector_monitor_project\winturaco\winturaco\winturaco\release\toolmenu.obj
c:\users\robin\documents\vector_monitor_project\winturaco\winturaco\winturaco\release\texted.obj
c:\users\robin\documents\vector_monitor_project\winturaco\winturaco\winturaco\release\sprite.obj
c:\users\robin\documents\vector_monitor_project\winturaco\winturaco\winturaco\release\snap.obj
c:\users\robin\documents\vector_monitor_project\winturaco\winturaco\winturaco\release\palette.obj
c:\users\robin\documents\vector_monitor_project\winturaco\winturaco\winturaco\release\maped.obj
c:\users\robin\documents\vector_monitor_project\winturaco\winturaco\winturaco\release\winturaco.obj
c:\users\robin\documents\vector_monitor_project\winturaco\winturaco\winturaco\release\list.obj
c:\users\robin\documents\vector_monitor_project\winturaco\winturaco\winturaco\release\life.obj
c:\users\robin\documents\vector_monitor_project\winturaco\winturaco\winturaco\release\inidriv.obj
c:\users\robin\documents\vector_monitor_project\winturaco\winturaco\winturaco\release\iload.obj
c:\users\robin\documents\vector_monitor_project\winturaco\winturaco\winturaco\release\help.obj
c:\users\robin\documents\vector_monitor_project\winturaco\winturaco\release\winturaco.exe
c:\users\robin\documents\vector_monitor_project\winturaco\winturaco\release\winturaco.pdb
c:\users\robin\documents\vector_monitor_project\winturaco\winturaco\winturaco\release\winturaco.ipdb
c:\users\robin\documents\vector_monitor_project\winturaco\winturaco\winturaco\release\winturaco.iobj
c:\users\robin\documents\vector_monitor_project\winturaco\winturaco\winturaco\release\winturaco.tlog\cl.command.1.tlog
c:\users\robin\documents\vector_monitor_project\winturaco\winturaco\winturaco\release\winturaco.tlog\cl.items.tlog
c:\users\robin\documents\vector_monitor_project\winturaco\winturaco\winturaco\release\winturaco.tlog\cl.read.1.tlog
c:\users\robin\documents\vector_monitor_project\winturaco\winturaco\winturaco\release\winturaco.tlog\cl.write.1.tlog
c:\users\robin\documents\vector_monitor_project\winturaco\winturaco\winturaco\release\winturaco.tlog\link.command.1.tlog
c:\users\robin\documents\vector_monitor_project\winturaco\winturaco\winturaco\release\winturaco.tlog\link.read.1.tlog
c:\users\robin\documents\vector_monitor_project\winturaco\winturaco\winturaco\release\winturaco.tlog\link.secondary.1.tlog
c:\users\robin\documents\vector_monitor_project\winturaco\winturaco\winturaco\release\winturaco.tlog\link.write.1.tlog
